0 info it worked if it ends with ok
1 verbose cli [ '/home/bruce/.nvm/v0.10.38/bin/node',
1 verbose cli   '/home/bruce/.nvm/v0.10.38/bin/npm',
1 verbose cli   'run',
1 verbose cli   'build' ]
2 info using npm@1.4.28
3 info using node@v0.10.38
4 verbose run-script [ 'prebuild', 'build', 'postbuild' ]
5 info prebuild Cin7Menu@0.0.1
6 verbose unsafe-perm in lifecycle true
7 info build Cin7Menu@0.0.1
8 verbose unsafe-perm in lifecycle true
9 info Cin7Menu@0.0.1 Failed to exec build script
10 error Cin7Menu@0.0.1 build: `cat lib/src/prolog.coffee LF lib/src/VisibleChildIterator.coffee LF lib/src/ApplicationContextMenuItem.coffee LF lib/src/AppPopupSubMenuMenuItem.coffee LF lib/src/buttons/GenericApplicationButton.coffee LF lib/src/buttons/TransientButton.coffee LF lib/src/buttons/ApplicationButton.coffee LF lib/src/buttons/PlaceButton.coffee LF lib/src/buttons/RecentButton.coffee LF lib/src/buttons/RecentClearButton.coffee LF lib/src/buttons/CategoryButton.coffee LF lib/src/buttons/PlaceCategoryButton.coffee LF lib/src/buttons/RecentCategoryButton.coffee LF lib/src/buttons/FavoritesButton.coffee LF lib/src/TextBoxItem.coffee LF lib/src/AllProgramsItem.coffee LF lib/src/HoverIcon.coffee LF lib/src/ShutdownContextMenuItem.coffee LF lib/src/ShutdownMenu.coffee LF lib/src/CategoriesApplicationsBox.coffee LF lib/src/RightButtonsBox.coffee LF lib/src/FavoritesBox.coffee LF lib/src/MyApplet.coffee LF lib/Main.coffee | coffee -cbs > Cin7Menu@darkoverlordofdata.com/applet.js`
10 error Exit status 1
11 error Failed at the Cin7Menu@0.0.1 build script.
11 error This is most likely a problem with the Cin7Menu package,
11 error not with npm itself.
11 error Tell the author that this fails on your system:
11 error     cat lib/src/prolog.coffee LF lib/src/VisibleChildIterator.coffee LF lib/src/ApplicationContextMenuItem.coffee LF lib/src/AppPopupSubMenuMenuItem.coffee LF lib/src/buttons/GenericApplicationButton.coffee LF lib/src/buttons/TransientButton.coffee LF lib/src/buttons/ApplicationButton.coffee LF lib/src/buttons/PlaceButton.coffee LF lib/src/buttons/RecentButton.coffee LF lib/src/buttons/RecentClearButton.coffee LF lib/src/buttons/CategoryButton.coffee LF lib/src/buttons/PlaceCategoryButton.coffee LF lib/src/buttons/RecentCategoryButton.coffee LF lib/src/buttons/FavoritesButton.coffee LF lib/src/TextBoxItem.coffee LF lib/src/AllProgramsItem.coffee LF lib/src/HoverIcon.coffee LF lib/src/ShutdownContextMenuItem.coffee LF lib/src/ShutdownMenu.coffee LF lib/src/CategoriesApplicationsBox.coffee LF lib/src/RightButtonsBox.coffee LF lib/src/FavoritesBox.coffee LF lib/src/MyApplet.coffee LF lib/Main.coffee | coffee -cbs > Cin7Menu@darkoverlordofdata.com/applet.js
11 error You can get their info via:
11 error     npm owner ls Cin7Menu
11 error There is likely additional logging output above.
12 error System Linux 3.13.0-24-generic
13 error command "/home/bruce/.nvm/v0.10.38/bin/node" "/home/bruce/.nvm/v0.10.38/bin/npm" "run" "build"
14 error cwd /home/bruce/Git/Cin7Menu
15 error node -v v0.10.38
16 error npm -v 1.4.28
17 error code ELIFECYCLE
18 verbose exit [ 1, true ]
